find_header: checking for prism.h in /home/ec2-user/environment/bookers/vendor/bundle/ruby/3.1.0/gems/prism-1.4.0/include... -------------------- yes

LD_LIBRARY_PATH=.:/home/ec2-user/.rbenv/versions/3.1.6/lib "gcc -o conftest -I/home/ec2-user/.rbenv/versions/3.1.6/include/ruby-3.1.0/x86_64-linux -I/home/ec2-user/.rbenv/versions/3.1.6/include/ruby-3.1.0/ruby/backward -I/home/ec2-user/.rbenv/versions/3.1.6/include/ruby-3.1.0 -I.    -std=gnu17  -fPIC conftest.c  -L. -L/home/ec2-user/.rbenv/versions/3.1.6/lib -Wl,-rpath,/home/ec2-user/.rbenv/versions/3.1.6/lib -L. -fstack-protector-strong -rdynamic -Wl,-export-dynamic -Wl,--no-as-needed     -Wl,-rpath,/home/ec2-user/.rbenv/versions/3.1.6/lib -L/home/ec2-user/.rbenv/versions/3.1.6/lib -lruby  -lm  -lc"
checked program was:
/* begin */
1: #include "ruby.h"
2: 
3: int main(int argc, char **argv)
4: {
5:   return !!argv[argc];
6: }
/* end */

LD_LIBRARY_PATH=.:/home/ec2-user/.rbenv/versions/3.1.6/lib "gcc -I/home/ec2-user/.rbenv/versions/3.1.6/include/ruby-3.1.0/x86_64-linux -I/home/ec2-user/.rbenv/versions/3.1.6/include/ruby-3.1.0/ruby/backward -I/home/ec2-user/.rbenv/versions/3.1.6/include/ruby-3.1.0 -I.    -std=gnu17  -fPIC   -c conftest.c"
conftest.c:3:10: fatal error: prism.h: No such file or directory
    3 | #include <prism.h>
      |          ^~~~~~~~~
compilation terminated.
checked program was:
/* begin */
1: #include "ruby.h"
2: 
3: #include <prism.h>
/* end */

LD_LIBRARY_PATH=.:/home/ec2-user/.rbenv/versions/3.1.6/lib "gcc -I/home/ec2-user/.rbenv/versions/3.1.6/include/ruby-3.1.0/x86_64-linux -I/home/ec2-user/.rbenv/versions/3.1.6/include/ruby-3.1.0/ruby/backward -I/home/ec2-user/.rbenv/versions/3.1.6/include/ruby-3.1.0 -I.    -std=gnu17  -fPIC  -I/home/ec2-user/environment/bookers/vendor/bundle/ruby/3.1.0/gems/prism-1.4.0/include -c conftest.c"
checked program was:
/* begin */
1: #include "ruby.h"
2: 
3: #include <prism.h>
/* end */

--------------------

find_header: checking for prism/extension.h in /home/ec2-user/environment/bookers/vendor/bundle/ruby/3.1.0/gems/prism-1.4.0/ext... -------------------- yes

LD_LIBRARY_PATH=.:/home/ec2-user/.rbenv/versions/3.1.6/lib "gcc -I/home/ec2-user/.rbenv/versions/3.1.6/include/ruby-3.1.0/x86_64-linux -I/home/ec2-user/.rbenv/versions/3.1.6/include/ruby-3.1.0/ruby/backward -I/home/ec2-user/.rbenv/versions/3.1.6/include/ruby-3.1.0 -I. -I/home/ec2-user/environment/bookers/vendor/bundle/ruby/3.1.0/gems/prism-1.4.0/include    -std=gnu17  -fPIC   -c conftest.c"
conftest.c:3:10: fatal error: prism/extension.h: No such file or directory
    3 | #include <prism/extension.h>
      |          ^~~~~~~~~~~~~~~~~~~
compilation terminated.
checked program was:
/* begin */
1: #include "ruby.h"
2: 
3: #include <prism/extension.h>
/* end */

LD_LIBRARY_PATH=.:/home/ec2-user/.rbenv/versions/3.1.6/lib "gcc -I/home/ec2-user/.rbenv/versions/3.1.6/include/ruby-3.1.0/x86_64-linux -I/home/ec2-user/.rbenv/versions/3.1.6/include/ruby-3.1.0/ruby/backward -I/home/ec2-user/.rbenv/versions/3.1.6/include/ruby-3.1.0 -I. -I/home/ec2-user/environment/bookers/vendor/bundle/ruby/3.1.0/gems/prism-1.4.0/include    -std=gnu17  -fPIC  -I/home/ec2-user/environment/bookers/vendor/bundle/ruby/3.1.0/gems/prism-1.4.0/ext -c conftest.c"
checked program was:
/* begin */
1: #include "ruby.h"
2: 
3: #include <prism/extension.h>
/* end */

--------------------

block in append_cflags: checking for whether -fvisibility=hidden is accepted as CFLAGS... -------------------- yes

LD_LIBRARY_PATH=.:/home/ec2-user/.rbenv/versions/3.1.6/lib "gcc -I/home/ec2-user/.rbenv/versions/3.1.6/include/ruby-3.1.0/x86_64-linux -I/home/ec2-user/.rbenv/versions/3.1.6/include/ruby-3.1.0/ruby/backward -I/home/ec2-user/.rbenv/versions/3.1.6/include/ruby-3.1.0 -I. -I/home/ec2-user/environment/bookers/vendor/bundle/ruby/3.1.0/gems/prism-1.4.0/include -I/home/ec2-user/environment/bookers/vendor/bundle/ruby/3.1.0/gems/prism-1.4.0/ext    -std=gnu17  -fPIC  -fvisibility=hidden -Werror -c conftest.c"
checked program was:
/* begin */
1: #include "ruby.h"
2: 
3: int main(int argc, char **argv)
4: {
5:   return !!argv[argc];
6: }
/* end */

--------------------

